app/build/intermediates/manifest_merge_blame_file/debug/manifest-merger-blame-debug-report.txt
1<?xml version="1.0" encoding="utf-8"?>
2<manifest xmlns:android="http://schemas.android.com/apk/res/android"
3    package="com.android.testapp"
4    android:versionCode="1"
5    android:versionName="0.0.2" >
6
7    <uses-sdk
8        android:minSdkVersion="24"
8-->src\main\AndroidManifest.xml
9        android:targetSdkVersion="30" />
9-->src\main\AndroidManifest.xml
10
11    <uses-permission android:name="android.permission.INTERNET" />
11-->src\main\AndroidManifest.xml:5:5-67
11-->src\main\AndroidManifest.xml:5:22-64
12
13    <application
13-->src\main\AndroidManifest.xml:7:5-25:19
14        android:name="com.android.testapp.base.BaseApplication"
14-->src\main\AndroidManifest.xml:8:13-68
15        android:allowBackup="true"
15-->src\main\AndroidManifest.xml:9:13-39
16        android:appComponentFactory="androidx.core.app.CoreComponentFactory"
16-->[androidx.core:core:1.1.0] AndroidManifest.xml:24:18-86
17        android:debuggable="true"
18        android:extractNativeLibs="false"
19        android:icon="@mipmap/ic_launcher_round"
19-->src\main\AndroidManifest.xml:10:13-53
20        android:label="@string/app_name"
20-->src\main\AndroidManifest.xml:11:13-45
21        android:roundIcon="@mipmap/ic_launcher_round"
21-->src\main\AndroidManifest.xml:12:13-58
22        android:supportsRtl="true"
22-->src\main\AndroidManifest.xml:13:13-39
23        android:testOnly="true"
24        android:theme="@style/AppTheme"
24-->src\main\AndroidManifest.xml:14:13-44
25        android:usesCleartextTraffic="true" >
25-->src\main\AndroidManifest.xml:15:13-48
26        <activity android:name="com.android.testapp.ui.main.MainActivity" >
26-->src\main\AndroidManifest.xml:17:9-23:20
26-->src\main\AndroidManifest.xml:17:19-74
27            <intent-filter>
27-->src\main\AndroidManifest.xml:18:13-22:29
28                <action android:name="android.intent.action.MAIN" />
28-->src\main\AndroidManifest.xml:19:17-69
28-->src\main\AndroidManifest.xml:19:25-66
29
30                <category android:name="android.intent.category.LAUNCHER" />
30-->src\main\AndroidManifest.xml:21:17-77
30-->src\main\AndroidManifest.xml:21:27-74
31            </intent-filter>
32        </activity>
33        <activity
33-->[com.karumi:dexter:4.2.0] AndroidManifest.xml:27:9-29:72
34            android:name="com.karumi.dexter.DexterActivity"
34-->[com.karumi:dexter:4.2.0] AndroidManifest.xml:28:13-60
35            android:theme="@style/Dexter.Internal.Theme.Transparent" />
35-->[com.karumi:dexter:4.2.0] AndroidManifest.xml:29:13-69
36        <activity
36-->[com.google.android.gms:play-services-auth:18.1.0] AndroidManifest.xml:23:9-27:75
37            android:name="com.google.android.gms.auth.api.signin.internal.SignInHubActivity"
37-->[com.google.android.gms:play-services-auth:18.1.0] AndroidManifest.xml:24:13-93
38            android:excludeFromRecents="true"
38-->[com.google.android.gms:play-services-auth:18.1.0] AndroidManifest.xml:25:13-46
39            android:exported="false"
39-->[com.google.android.gms:play-services-auth:18.1.0] AndroidManifest.xml:26:13-37
40            android:theme="@android:style/Theme.Translucent.NoTitleBar" />
40-->[com.google.android.gms:play-services-auth:18.1.0] AndroidManifest.xml:27:13-72
41        <!--
42            Service handling Google Sign-In user revocation. For apps that do not integrate with
43            Google Sign-In, this service will never be started.
44        -->
45        <service
45-->[com.google.android.gms:play-services-auth:18.1.0] AndroidManifest.xml:33:9-37:51
46            android:name="com.google.android.gms.auth.api.signin.RevocationBoundService"
46-->[com.google.android.gms:play-services-auth:18.1.0] AndroidManifest.xml:34:13-89
47            android:exported="true"
47-->[com.google.android.gms:play-services-auth:18.1.0] AndroidManifest.xml:35:13-36
48            android:permission="com.google.android.gms.auth.api.signin.permission.REVOCATION_NOTIFICATION"
48-->[com.google.android.gms:play-services-auth:18.1.0] AndroidManifest.xml:36:13-107
49            android:visibleToInstantApps="true" />
49-->[com.google.android.gms:play-services-auth:18.1.0] AndroidManifest.xml:37:13-48
50
51        <activity
51-->[com.google.android.gms:play-services-base:17.1.0] AndroidManifest.xml:23:9-26:75
52            android:name="com.google.android.gms.common.api.GoogleApiActivity"
52-->[com.google.android.gms:play-services-base:17.1.0] AndroidManifest.xml:24:13-79
53            android:exported="false"
53-->[com.google.android.gms:play-services-base:17.1.0] AndroidManifest.xml:25:13-37
54            android:theme="@android:style/Theme.Translucent.NoTitleBar" />
54-->[com.google.android.gms:play-services-base:17.1.0] AndroidManifest.xml:26:13-72
55
56        <meta-data
56-->[com.google.android.gms:play-services-basement:17.1.1] AndroidManifest.xml:23:9-25:69
57            android:name="com.google.android.gms.version"
57-->[com.google.android.gms:play-services-basement:17.1.1] AndroidManifest.xml:24:13-58
58            android:value="@integer/google_play_services_version" />
58-->[com.google.android.gms:play-services-basement:17.1.1] AndroidManifest.xml:25:13-66
59
60        <provider
60-->[androidx.lifecycle:lifecycle-process:2.2.0] AndroidManifest.xml:25:9-29:43
61            android:name="androidx.lifecycle.ProcessLifecycleOwnerInitializer"
61-->[androidx.lifecycle:lifecycle-process:2.2.0] AndroidManifest.xml:26:13-79
62            android:authorities="com.android.testapp.lifecycle-process"
62-->[androidx.lifecycle:lifecycle-process:2.2.0] AndroidManifest.xml:27:13-69
63            android:exported="false"
63-->[androidx.lifecycle:lifecycle-process:2.2.0] AndroidManifest.xml:28:13-37
64            android:multiprocess="true" />
64-->[androidx.lifecycle:lifecycle-process:2.2.0] AndroidManifest.xml:29:13-40
65    </application>
66
67</manifest>